Using pre-set license
Built from '2021.3/staging' branch; Version is '2021.3.0f1 (6eacc8284459) revision 7253192'; Using compiler version '192829333'; Build Type 'Release'
OS: 'Windows 11  (10.0.22000) 64bit Core' Language: 'tr' Physical Memory: 32669 MB
BatchMode: 1, IsHumanControllingUs: 0, StartBugReporterOnCrash: 0, Is64bit: 1, IsPro: 1

COMMAND LINE ARGUMENTS:
C:\Users\ibrah\Desktop\2021.3.0f1\Editor\Unity.exe
-adb2
-batchMode
-noUpm
-name
AssetImportWorker0
-projectPath
C:/Users/ibrah/Desktop/Unity/RpgAdventure(devam)/Rpg Adventure (Devam)
-logFile
Logs/AssetImportWorker0.log
-srvPort
51531
Successfully changed project path to: C:/Users/ibrah/Desktop/Unity/RpgAdventure(devam)/Rpg Adventure (Devam)
C:/Users/ibrah/Desktop/Unity/RpgAdventure(devam)/Rpg Adventure (Devam)
[UnityMemory] Configuration Parameters - Can be set up in boot.config
    "memorysetup-bucket-allocator-granularity=16"
    "memorysetup-bucket-allocator-bucket-count=8"
    "memorysetup-bucket-allocator-block-size=33554432"
    "memorysetup-bucket-allocator-block-count=8"
    "memorysetup-main-allocator-block-size=16777216"
    "memorysetup-thread-allocator-block-size=16777216"
    "memorysetup-gfx-main-allocator-block-size=16777216"
    "memorysetup-gfx-thread-allocator-block-size=16777216"
    "memorysetup-cache-allocator-block-size=4194304"
    "memorysetup-typetree-allocator-block-size=2097152"
    "memorysetup-profiler-bucket-allocator-granularity=16"
    "memorysetup-profiler-bucket-allocator-bucket-count=8"
    "memorysetup-profiler-bucket-allocator-block-size=33554432"
    "memorysetup-profiler-bucket-allocator-block-count=8"
    "memorysetup-profiler-allocator-block-size=16777216"
    "memorysetup-profiler-editor-allocator-block-size=1048576"
    "memorysetup-temp-allocator-size-main=16777216"
    "memorysetup-job-temp-allocator-block-size=2097152"
    "memorysetup-job-temp-allocator-block-size-background=1048576"
    "memorysetup-job-temp-allocator-reduction-small-platforms=262144"
    "memorysetup-temp-allocator-size-background-worker=32768"
    "memorysetup-temp-allocator-size-job-worker=262144"
    "memorysetup-temp-allocator-size-preload-manager=33554432"
    "memorysetup-temp-allocator-size-nav-mesh-worker=65536"
    "memorysetup-temp-allocator-size-audio-worker=65536"
    "memorysetup-temp-allocator-size-cloud-worker=32768"
    "memorysetup-temp-allocator-size-gi-baking-worker=262144"
    "memorysetup-temp-allocator-size-gfx=262144"
Refreshing native plugins compatible for Editor in 83.46 ms, found 3 plugins.
Preloading 0 native plugins for Editor in 0.00 ms.
Initialize engine version: 2021.3.0f1 (6eacc8284459)
[Subsystems] Discovering subsystems at path C:/Users/ibrah/Desktop/2021.3.0f1/Editor/Data/Resources/UnitySubsystems
[Subsystems] Discovering subsystems at path C:/Users/ibrah/Desktop/Unity/RpgAdventure(devam)/Rpg Adventure (Devam)/Assets
GfxDevice: creating device client; threaded=0; jobified=0
Direct3D:
    Version:  Direct3D 11.0 [level 11.1]
    Renderer: NVIDIA GeForce RTX 3060 (ID=0x2503)
    Vendor:   NVIDIA
    VRAM:     12142 MB
    Driver:   30.0.15.1259
Initialize mono
Mono path[0] = 'C:/Users/ibrah/Desktop/2021.3.0f1/Editor/Data/Managed'
Mono path[1] = 'C:/Users/ibrah/Desktop/2021.3.0f1/Editor/Data/MonoBleedingEdge/lib/mono/unityjit-win32'
Mono config path = 'C:/Users/ibrah/Desktop/2021.3.0f1/Editor/Data/MonoBleedingEdge/etc'
Using monoOptions --debugger-agent=transport=dt_socket,embedding=1,server=y,suspend=n,address=127.0.0.1:56884
Begin MonoManager ReloadAssembly
Registering precompiled unity dll's ...
Register platform support module: C:/Users/ibrah/Desktop/2021.3.0f1/Editor/Data/PlaybackEngines/AndroidPlayer/UnityEditor.Android.Extensions.dll
Register platform support module: C:/Users/ibrah/Desktop/2021.3.0f1/Editor/Data/PlaybackEngines/WindowsStandaloneSupport/UnityEditor.WindowsStandalone.Extensions.dll
Registered in 0.003904 seconds.
Native extension for WindowsStandalone target not found
Native extension for Android target not found
Refreshing native plugins compatible for Editor in 74.35 ms, found 3 plugins.
Preloading 0 native plugins for Editor in 0.00 ms.
Mono: successfully reloaded assembly
- Completed reload, in  0.547 seconds
Domain Reload Profiling:
	ReloadAssembly (547ms)
		BeginReloadAssembly (54ms)
			ExecutionOrderSort (0ms)
			DisableScriptedObjects (0ms)
			BackupInstance (0ms)
			ReleaseScriptingObjects (0ms)
			CreateAndSetChildDomain (1ms)
		EndReloadAssembly (405ms)
			LoadAssemblies (54ms)
			RebuildTransferFunctionScriptingTraits (0ms)
			SetupTypeCache (95ms)
			ReleaseScriptCaches (0ms)
			RebuildScriptCaches (24ms)
			SetupLoadedEditorAssemblies (244ms)
				LogAssemblyErrors (0ms)
				InitializePlatformSupportModulesInManaged (47ms)
				SetLoadedEditorAssemblies (1ms)
				RefreshPlugins (74ms)
				BeforeProcessingInitializeOnLoad (1ms)
				ProcessInitializeOnLoadAttributes (83ms)
				ProcessInitializeOnLoadMethodAttributes (37ms)
				AfterProcessingInitializeOnLoad (0ms)
				EditorAssembliesLoaded (0ms)
			ExecutionOrderSort2 (0ms)
			AwakeInstancesAfterBackupRestoration (0ms)
Platform modules already initialized, skipping
Registering precompiled user dll's ...
Registered in 0.003079 seconds.
Begin MonoManager ReloadAssembly
Symbol file LoadedFromMemory doesn't match image C:\Users\ibrah\Desktop\Unity\RpgAdventure(devam)\Rpg Adventure (Devam)\Library\PackageCache\com.unity.visualscripting@1.7.6\Editor\VisualScripting.Core\Dependencies\YamlDotNet\Unity.VisualScripting.YamlDotNet.dll
Symbol file LoadedFromMemory is not a mono symbol file
Symbol file LoadedFromMemory doesn't match image C:\Users\ibrah\Desktop\Unity\RpgAdventure(devam)\Rpg Adventure (Devam)\Library\PackageCache\com.unity.visualscripting@1.7.6\Editor\VisualScripting.Core\Dependencies\DotNetZip\Unity.VisualScripting.IonicZip.dll
Native extension for WindowsStandalone target not found
Native extension for Android target not found
Refreshing native plugins compatible for Editor in 0.52 ms, found 3 plugins.
Preloading 0 native plugins for Editor in 0.00 ms.
Mono: successfully reloaded assembly
- Completed reload, in  1.028 seconds
Domain Reload Profiling:
	ReloadAssembly (1029ms)
		BeginReloadAssembly (199ms)
			ExecutionOrderSort (0ms)
			DisableScriptedObjects (5ms)
			BackupInstance (0ms)
			ReleaseScriptingObjects (0ms)
			CreateAndSetChildDomain (127ms)
		EndReloadAssembly (734ms)
			LoadAssemblies (78ms)
			RebuildTransferFunctionScriptingTraits (0ms)
			SetupTypeCache (248ms)
			ReleaseScriptCaches (1ms)
			RebuildScriptCaches (48ms)
			SetupLoadedEditorAssemblies (320ms)
				LogAssemblyErrors (0ms)
				InitializePlatformSupportModulesInManaged (12ms)
				SetLoadedEditorAssemblies (0ms)
				RefreshPlugins (1ms)
				BeforeProcessingInitializeOnLoad (76ms)
				ProcessInitializeOnLoadAttributes (207ms)
				ProcessInitializeOnLoadMethodAttributes (19ms)
				AfterProcessingInitializeOnLoad (4ms)
				EditorAssembliesLoaded (0ms)
			ExecutionOrderSort2 (0ms)
			AwakeInstancesAfterBackupRestoration (4ms)
Platform modules already initialized, skipping
========================================================================
Worker process is ready to serve import requests
Launched and connected shader compiler UnityShaderCompiler.exe after 0.05 seconds
Refreshing native plugins compatible for Editor in 0.57 ms, found 3 plugins.
Preloading 0 native plugins for Editor in 0.00 ms.
Unloading 3408 Unused Serialized files (Serialized files now loaded: 0)
Unloading 37 unused Assets / (183.2 KB). Loaded Objects now: 3871.
Memory consumption went from 119.2 MB to 119.0 MB.
Total: 3.272500 ms (FindLiveObjects: 0.238500 ms CreateObjectMapping: 0.210600 ms MarkObjects: 2.699600 ms  DeleteObjects: 0.123000 ms)

AssetImportParameters requested are different than current active one (requested -> active):
  custom:video-decoder-ogg-theora: a1e56fd34408186e4bbccfd4996cb3dc -> 
  custom:container-muxer-webm: aa71ff27fc2769a1b78a27578f13a17b -> 
  custom:container-demuxer-webm: 4f35f7cbe854078d1ac9338744f61a02 -> 
  custom:video-encoder-webm-vp8: eb34c28f22e8b96e1ab97ce403110664 -> 
  custom:audio-encoder-webm-vorbis: bf7c407c2cedff20999df2af8eb42d56 -> 
  custom:framework-win-MediaFoundation: 216162199b28c13a410421893ffa2e32 -> 
  custom:container-demuxer-ogg: 62fdf1f143b41e24485cea50d1cbac27 -> 
  custom:video-decoder-webm-vp8: 9c59270c3fd7afecdb556c50c9e8de78 -> 
  custom:audio-decoder-ogg-vorbis: bf7c407c2cedff20999df2af8eb42d56 -> 
========================================================================
Received Import Request.
  Time since last request: 339022.555051 seconds.
  path: Assets/Cartoon Heroes/Male/3D/Torsos/Torso_3/Materials/Male_Torso_3_Skin_Light.mat
  artifactKey: Guid(b2d892d9d11efc4459aae41c70799123) Importer(815301076,1909f56bfc062723c751e8b465ee728b)
Start importing Assets/Cartoon Heroes/Male/3D/Torsos/Torso_3/Materials/Male_Torso_3_Skin_Light.mat using Guid(b2d892d9d11efc4459aae41c70799123) Importer(815301076,1909f56bfc062723c751e8b465ee728b)  -> (artifact id: '9d786e8645121d1e64479172701adb57') in 0.118659 seconds 
========================================================================
Received Import Request.
  Time since last request: 0.000015 seconds.
  path: Assets/Cartoon Heroes/Weapons/Sword_2/3D/Materials/Sword_2.mat
  artifactKey: Guid(2357b4f501961fa43ac250f6ebef865e) Importer(815301076,1909f56bfc062723c751e8b465ee728b)
Start importing Assets/Cartoon Heroes/Weapons/Sword_2/3D/Materials/Sword_2.mat using Guid(2357b4f501961fa43ac250f6ebef865e) Importer(815301076,1909f56bfc062723c751e8b465ee728b)  -> (artifact id: '943229fd76ac94882435e44f48740bde') in 0.011725 seconds 
========================================================================
Received Import Request.
  Time since last request: 0.000017 seconds.
  path: Assets/Cartoon Heroes/Weapons/Sword_1/3D/Materials/Sword_1_Yellow.mat
  artifactKey: Guid(d23d933a5bb042546bab11d145ca9a20) Importer(815301076,1909f56bfc062723c751e8b465ee728b)
Start importing Assets/Cartoon Heroes/Weapons/Sword_1/3D/Materials/Sword_1_Yellow.mat using Guid(d23d933a5bb042546bab11d145ca9a20) Importer(815301076,1909f56bfc062723c751e8b465ee728b)  -> (artifact id: 'd1be82ee828f7afe0243177ef5d4a086') in 0.016529 seconds 
========================================================================
Received Import Request.
  Time since last request: 0.000018 seconds.
  path: Assets/Cartoon Heroes/Male/3D/Torsos/Torso_3/Materials/Male_Torso_3_Yellow.mat
  artifactKey: Guid(2d0031d3e1ffcaa4ba3deede89fca2b2) Importer(815301076,1909f56bfc062723c751e8b465ee728b)
Start importing Assets/Cartoon Heroes/Male/3D/Torsos/Torso_3/Materials/Male_Torso_3_Yellow.mat using Guid(2d0031d3e1ffcaa4ba3deede89fca2b2) Importer(815301076,1909f56bfc062723c751e8b465ee728b)  -> (artifact id: 'e4c206b23a424da7cfa02a806e1d7a05') in 0.012869 seconds 
========================================================================
Received Import Request.
  Time since last request: 0.000015 seconds.
  path: Assets/Cartoon Heroes/Weapons/Sword_4/3D/Materials/Sword_4_Gray.mat
  artifactKey: Guid(567546ca9ad72904ba7d62da3ee14235) Importer(815301076,1909f56bfc062723c751e8b465ee728b)
Start importing Assets/Cartoon Heroes/Weapons/Sword_4/3D/Materials/Sword_4_Gray.mat using Guid(567546ca9ad72904ba7d62da3ee14235) Importer(815301076,1909f56bfc062723c751e8b465ee728b)  -> (artifact id: '97c1af79c9c05a06edc3129ba20f45e4') in 0.031238 seconds 
========================================================================
Received Import Request.
  Time since last request: 0.000020 seconds.
  path: Assets/Cartoon Heroes/Male/3D/Torsos/Torso_3/Materials/Male_Torso_3_Skin.mat
  artifactKey: Guid(355546449968e09468eedf8f222f7052) Importer(815301076,1909f56bfc062723c751e8b465ee728b)
Start importing Assets/Cartoon Heroes/Male/3D/Torsos/Torso_3/Materials/Male_Torso_3_Skin.mat using Guid(355546449968e09468eedf8f222f7052) Importer(815301076,1909f56bfc062723c751e8b465ee728b)  -> (artifact id: '69d939b1067b04d39add4b93268ec0c7') in 0.013287 seconds 
========================================================================
Received Import Request.
  Time since last request: 0.000022 seconds.
  path: Assets/Cartoon Heroes/Weapons/Sword_2/3D/Materials/Sword_2_Gray.mat
  artifactKey: Guid(5284465724a051a468950ae23b8e1186) Importer(815301076,1909f56bfc062723c751e8b465ee728b)
Start importing Assets/Cartoon Heroes/Weapons/Sword_2/3D/Materials/Sword_2_Gray.mat using Guid(5284465724a051a468950ae23b8e1186) Importer(815301076,1909f56bfc062723c751e8b465ee728b)  -> (artifact id: 'dcd4aa80e5fb5de8f6332cae4371f8ce') in 0.021790 seconds 
========================================================================
Received Import Request.
  Time since last request: 0.000016 seconds.
  path: Assets/Cartoon Heroes/Weapons/Sword_3/3D/Materials/Sword_3.mat
  artifactKey: Guid(b6dd7764d1eb8324ba44f266fbb1759d) Importer(815301076,1909f56bfc062723c751e8b465ee728b)
Start importing Assets/Cartoon Heroes/Weapons/Sword_3/3D/Materials/Sword_3.mat using Guid(b6dd7764d1eb8324ba44f266fbb1759d) Importer(815301076,1909f56bfc062723c751e8b465ee728b)  -> (artifact id: 'b1670fcf789438acb6b8632258cc6348') in 0.011724 seconds 
========================================================================
Received Import Request.
  Time since last request: 0.000015 seconds.
  path: Assets/Cartoon Heroes/Weapons/Sword_1/3D/Materials/Sword_1_Gray.mat
  artifactKey: Guid(17245f7e3705df848b9194a91683de5f) Importer(815301076,1909f56bfc062723c751e8b465ee728b)
Start importing Assets/Cartoon Heroes/Weapons/Sword_1/3D/Materials/Sword_1_Gray.mat using Guid(17245f7e3705df848b9194a91683de5f) Importer(815301076,1909f56bfc062723c751e8b465ee728b)  -> (artifact id: 'df7d938e25eea3045e6d745b87f92af9') in 0.017270 seconds 
========================================================================
Received Import Request.
  Time since last request: 0.000015 seconds.
  path: Assets/Cartoon Heroes/Weapons/Sword_1/3D/Materials/Sowrd_1.mat
  artifactKey: Guid(63e11183f8dd94d46bd18ae88ede55ac) Importer(815301076,1909f56bfc062723c751e8b465ee728b)
Start importing Assets/Cartoon Heroes/Weapons/Sword_1/3D/Materials/Sowrd_1.mat using Guid(63e11183f8dd94d46bd18ae88ede55ac) Importer(815301076,1909f56bfc062723c751e8b465ee728b)  -> (artifact id: '51bddb6e4343b5bdaf13908aafbed74b') in 0.012360 seconds 
========================================================================
Received Prepare
Registering precompiled user dll's ...
Registered in 0.002879 seconds.
Begin MonoManager ReloadAssembly
Symbol file LoadedFromMemory doesn't match image C:\Users\ibrah\Desktop\Unity\RpgAdventure(devam)\Rpg Adventure (Devam)\Library\PackageCache\com.unity.visualscripting@1.7.6\Editor\VisualScripting.Core\Dependencies\YamlDotNet\Unity.VisualScripting.YamlDotNet.dll
Symbol file LoadedFromMemory is not a mono symbol file
Symbol file LoadedFromMemory doesn't match image C:\Users\ibrah\Desktop\Unity\RpgAdventure(devam)\Rpg Adventure (Devam)\Library\PackageCache\com.unity.visualscripting@1.7.6\Editor\VisualScripting.Core\Dependencies\DotNetZip\Unity.VisualScripting.IonicZip.dll
Native extension for WindowsStandalone target not found
Native extension for Android target not found
Refreshing native plugins compatible for Editor in 0.53 ms, found 3 plugins.
Preloading 0 native plugins for Editor in 0.00 ms.
Mono: successfully reloaded assembly
- Completed reload, in  0.805 seconds
Domain Reload Profiling:
	ReloadAssembly (805ms)
		BeginReloadAssembly (101ms)
			ExecutionOrderSort (0ms)
			DisableScriptedObjects (4ms)
			BackupInstance (0ms)
			ReleaseScriptingObjects (0ms)
			CreateAndSetChildDomain (28ms)
		EndReloadAssembly (631ms)
			LoadAssemblies (65ms)
			RebuildTransferFunctionScriptingTraits (0ms)
			SetupTypeCache (209ms)
			ReleaseScriptCaches (1ms)
			RebuildScriptCaches (34ms)
			SetupLoadedEditorAssemblies (280ms)
				LogAssemblyErrors (0ms)
				InitializePlatformSupportModulesInManaged (17ms)
				SetLoadedEditorAssemblies (0ms)
				RefreshPlugins (1ms)
				BeforeProcessingInitializeOnLoad (55ms)
				ProcessInitializeOnLoadAttributes (183ms)
				ProcessInitializeOnLoadMethodAttributes (21ms)
				AfterProcessingInitializeOnLoad (4ms)
				EditorAssembliesLoaded (0ms)
			ExecutionOrderSort2 (0ms)
			AwakeInstancesAfterBackupRestoration (7ms)
Platform modules already initialized, skipping
Refreshing native plugins compatible for Editor in 1.82 ms, found 3 plugins.
Preloading 0 native plugins for Editor in 0.00 ms.
Unloading 3403 Unused Serialized files (Serialized files now loaded: 0)
Unloading 18 unused Assets / (150.0 KB). Loaded Objects now: 3925.
Memory consumption went from 123.6 MB to 123.4 MB.
Total: 2.227000 ms (FindLiveObjects: 0.241800 ms CreateObjectMapping: 0.146800 ms MarkObjects: 1.765100 ms  DeleteObjects: 0.072100 ms)

AssetImportParameters requested are different than current active one (requested -> active):
  custom:video-decoder-ogg-theora: a1e56fd34408186e4bbccfd4996cb3dc -> 
  custom:container-muxer-webm: aa71ff27fc2769a1b78a27578f13a17b -> 
  custom:container-demuxer-webm: 4f35f7cbe854078d1ac9338744f61a02 -> 
  custom:video-encoder-webm-vp8: eb34c28f22e8b96e1ab97ce403110664 -> 
  custom:audio-encoder-webm-vorbis: bf7c407c2cedff20999df2af8eb42d56 -> 
  custom:framework-win-MediaFoundation: 216162199b28c13a410421893ffa2e32 -> 
  custom:container-demuxer-ogg: 62fdf1f143b41e24485cea50d1cbac27 -> 
  custom:video-decoder-webm-vp8: 9c59270c3fd7afecdb556c50c9e8de78 -> 
  custom:audio-decoder-ogg-vorbis: bf7c407c2cedff20999df2af8eb42d56 -> 
========================================================================
Received Prepare
Registering precompiled user dll's ...
Registered in 0.002962 seconds.
Begin MonoManager ReloadAssembly
Symbol file LoadedFromMemory doesn't match image C:\Users\ibrah\Desktop\Unity\RpgAdventure(devam)\Rpg Adventure (Devam)\Library\PackageCache\com.unity.visualscripting@1.7.6\Editor\VisualScripting.Core\Dependencies\YamlDotNet\Unity.VisualScripting.YamlDotNet.dll
Symbol file LoadedFromMemory is not a mono symbol file
Symbol file LoadedFromMemory doesn't match image C:\Users\ibrah\Desktop\Unity\RpgAdventure(devam)\Rpg Adventure (Devam)\Library\PackageCache\com.unity.visualscripting@1.7.6\Editor\VisualScripting.Core\Dependencies\DotNetZip\Unity.VisualScripting.IonicZip.dll
Native extension for WindowsStandalone target not found
Native extension for Android target not found
Refreshing native plugins compatible for Editor in 0.53 ms, found 3 plugins.
Preloading 0 native plugins for Editor in 0.00 ms.
Mono: successfully reloaded assembly
- Completed reload, in  0.822 seconds
Domain Reload Profiling:
	ReloadAssembly (822ms)
		BeginReloadAssembly (101ms)
			ExecutionOrderSort (0ms)
			DisableScriptedObjects (4ms)
			BackupInstance (0ms)
			ReleaseScriptingObjects (0ms)
			CreateAndSetChildDomain (28ms)
		EndReloadAssembly (647ms)
			LoadAssemblies (64ms)
			RebuildTransferFunctionScriptingTraits (0ms)
			SetupTypeCache (215ms)
			ReleaseScriptCaches (1ms)
			RebuildScriptCaches (38ms)
			SetupLoadedEditorAssemblies (281ms)
				LogAssemblyErrors (0ms)
				InitializePlatformSupportModulesInManaged (18ms)
				SetLoadedEditorAssemblies (0ms)
				RefreshPlugins (1ms)
				BeforeProcessingInitializeOnLoad (56ms)
				ProcessInitializeOnLoadAttributes (180ms)
				ProcessInitializeOnLoadMethodAttributes (21ms)
				AfterProcessingInitializeOnLoad (4ms)
				EditorAssembliesLoaded (0ms)
			ExecutionOrderSort2 (0ms)
			AwakeInstancesAfterBackupRestoration (7ms)
Platform modules already initialized, skipping
Refreshing native plugins compatible for Editor in 1.27 ms, found 3 plugins.
Preloading 0 native plugins for Editor in 0.00 ms.
Unloading 3403 Unused Serialized files (Serialized files now loaded: 0)
Unloading 18 unused Assets / (150.0 KB). Loaded Objects now: 3940.
Memory consumption went from 123.6 MB to 123.5 MB.
Total: 2.395600 ms (FindLiveObjects: 0.260500 ms CreateObjectMapping: 0.221700 ms MarkObjects: 1.836900 ms  DeleteObjects: 0.075700 ms)

AssetImportParameters requested are different than current active one (requested -> active):
  custom:video-decoder-ogg-theora: a1e56fd34408186e4bbccfd4996cb3dc -> 
  custom:container-muxer-webm: aa71ff27fc2769a1b78a27578f13a17b -> 
  custom:container-demuxer-webm: 4f35f7cbe854078d1ac9338744f61a02 -> 
  custom:video-encoder-webm-vp8: eb34c28f22e8b96e1ab97ce403110664 -> 
  custom:audio-encoder-webm-vorbis: bf7c407c2cedff20999df2af8eb42d56 -> 
  custom:framework-win-MediaFoundation: 216162199b28c13a410421893ffa2e32 -> 
  custom:container-demuxer-ogg: 62fdf1f143b41e24485cea50d1cbac27 -> 
  custom:video-decoder-webm-vp8: 9c59270c3fd7afecdb556c50c9e8de78 -> 
  custom:audio-decoder-ogg-vorbis: bf7c407c2cedff20999df2af8eb42d56 -> 
========================================================================
Received Import Request.
  Time since last request: 469.200969 seconds.
  path: Assets/RPG Adventure/Scripts/Graphics
  artifactKey: Guid(0c9d238afc185e447bb5d5dc5e9199b1) Importer(815301076,1909f56bfc062723c751e8b465ee728b)
Start importing Assets/RPG Adventure/Scripts/Graphics using Guid(0c9d238afc185e447bb5d5dc5e9199b1) Importer(815301076,1909f56bfc062723c751e8b465ee728b)  -> (artifact id: '3b44ec82ad39bc82639f86de105bc80d') in 0.007866 seconds 
========================================================================
Received Import Request.
  Time since last request: 5.412078 seconds.
  path: Assets/RPG Adventure/Scripts/Graphics/Dissolve.cs
  artifactKey: Guid(45c6841a767964f498bc2d17eec1a667) Importer(815301076,1909f56bfc062723c751e8b465ee728b)
Start importing Assets/RPG Adventure/Scripts/Graphics/Dissolve.cs using Guid(45c6841a767964f498bc2d17eec1a667) Importer(815301076,1909f56bfc062723c751e8b465ee728b)  -> (artifact id: '7217ed11aeea92ff75ec48cc5955afca') in 0.020596 seconds 
========================================================================
Received Prepare
Registering precompiled user dll's ...
Registered in 0.002817 seconds.
Begin MonoManager ReloadAssembly
Symbol file LoadedFromMemory doesn't match image C:\Users\ibrah\Desktop\Unity\RpgAdventure(devam)\Rpg Adventure (Devam)\Library\PackageCache\com.unity.visualscripting@1.7.6\Editor\VisualScripting.Core\Dependencies\YamlDotNet\Unity.VisualScripting.YamlDotNet.dll
Symbol file LoadedFromMemory is not a mono symbol file
Symbol file LoadedFromMemory doesn't match image C:\Users\ibrah\Desktop\Unity\RpgAdventure(devam)\Rpg Adventure (Devam)\Library\PackageCache\com.unity.visualscripting@1.7.6\Editor\VisualScripting.Core\Dependencies\DotNetZip\Unity.VisualScripting.IonicZip.dll
Native extension for WindowsStandalone target not found
Native extension for Android target not found
Refreshing native plugins compatible for Editor in 0.50 ms, found 3 plugins.
Preloading 0 native plugins for Editor in 0.00 ms.
Mono: successfully reloaded assembly
- Completed reload, in  0.840 seconds
Domain Reload Profiling:
	ReloadAssembly (841ms)
		BeginReloadAssembly (101ms)
			ExecutionOrderSort (0ms)
			DisableScriptedObjects (4ms)
			BackupInstance (0ms)
			ReleaseScriptingObjects (0ms)
			CreateAndSetChildDomain (27ms)
		EndReloadAssembly (666ms)
			LoadAssemblies (66ms)
			RebuildTransferFunctionScriptingTraits (0ms)
			SetupTypeCache (224ms)
			ReleaseScriptCaches (1ms)
			RebuildScriptCaches (38ms)
			SetupLoadedEditorAssemblies (298ms)
				LogAssemblyErrors (0ms)
				InitializePlatformSupportModulesInManaged (17ms)
				SetLoadedEditorAssemblies (0ms)
				RefreshPlugins (1ms)
				BeforeProcessingInitializeOnLoad (53ms)
				ProcessInitializeOnLoadAttributes (174ms)
				ProcessInitializeOnLoadMethodAttributes (48ms)
				AfterProcessingInitializeOnLoad (5ms)
				EditorAssembliesLoaded (0ms)
			ExecutionOrderSort2 (0ms)
			AwakeInstancesAfterBackupRestoration (6ms)
Platform modules already initialized, skipping
Refreshing native plugins compatible for Editor in 1.17 ms, found 3 plugins.
Preloading 0 native plugins for Editor in 0.00 ms.
Unloading 3404 Unused Serialized files (Serialized files now loaded: 0)
Unloading 18 unused Assets / (150.0 KB). Loaded Objects now: 3956.
Memory consumption went from 123.7 MB to 123.5 MB.
Total: 2.408300 ms (FindLiveObjects: 0.214800 ms CreateObjectMapping: 0.131100 ms MarkObjects: 1.978600 ms  DeleteObjects: 0.083100 ms)

AssetImportParameters requested are different than current active one (requested -> active):
  custom:video-decoder-ogg-theora: a1e56fd34408186e4bbccfd4996cb3dc -> 
  custom:container-muxer-webm: aa71ff27fc2769a1b78a27578f13a17b -> 
  custom:container-demuxer-webm: 4f35f7cbe854078d1ac9338744f61a02 -> 
  custom:video-encoder-webm-vp8: eb34c28f22e8b96e1ab97ce403110664 -> 
  custom:audio-encoder-webm-vorbis: bf7c407c2cedff20999df2af8eb42d56 -> 
  custom:framework-win-MediaFoundation: 216162199b28c13a410421893ffa2e32 -> 
  custom:container-demuxer-ogg: 62fdf1f143b41e24485cea50d1cbac27 -> 
  custom:video-decoder-webm-vp8: 9c59270c3fd7afecdb556c50c9e8de78 -> 
  custom:audio-decoder-ogg-vorbis: bf7c407c2cedff20999df2af8eb42d56 -> 
========================================================================
Received Prepare
Registering precompiled user dll's ...
Registered in 0.004701 seconds.
Begin MonoManager ReloadAssembly
Symbol file LoadedFromMemory doesn't match image C:\Users\ibrah\Desktop\Unity\RpgAdventure(devam)\Rpg Adventure (Devam)\Library\PackageCache\com.unity.visualscripting@1.7.6\Editor\VisualScripting.Core\Dependencies\YamlDotNet\Unity.VisualScripting.YamlDotNet.dll
Symbol file LoadedFromMemory is not a mono symbol file
Symbol file LoadedFromMemory doesn't match image C:\Users\ibrah\Desktop\Unity\RpgAdventure(devam)\Rpg Adventure (Devam)\Library\PackageCache\com.unity.visualscripting@1.7.6\Editor\VisualScripting.Core\Dependencies\DotNetZip\Unity.VisualScripting.IonicZip.dll
Native extension for WindowsStandalone target not found
Native extension for Android target not found
Refreshing native plugins compatible for Editor in 0.46 ms, found 3 plugins.
Preloading 0 native plugins for Editor in 0.00 ms.
Mono: successfully reloaded assembly
- Completed reload, in  0.779 seconds
Domain Reload Profiling:
	ReloadAssembly (779ms)
		BeginReloadAssembly (103ms)
			ExecutionOrderSort (0ms)
			DisableScriptedObjects (4ms)
			BackupInstance (0ms)
			ReleaseScriptingObjects (0ms)
			CreateAndSetChildDomain (27ms)
		EndReloadAssembly (603ms)
			LoadAssemblies (66ms)
			RebuildTransferFunctionScriptingTraits (0ms)
			SetupTypeCache (203ms)
			ReleaseScriptCaches (1ms)
			RebuildScriptCaches (35ms)
			SetupLoadedEditorAssemblies (265ms)
				LogAssemblyErrors (0ms)
				InitializePlatformSupportModulesInManaged (18ms)
				SetLoadedEditorAssemblies (0ms)
				RefreshPlugins (1ms)
				BeforeProcessingInitializeOnLoad (52ms)
				ProcessInitializeOnLoadAttributes (171ms)
				ProcessInitializeOnLoadMethodAttributes (18ms)
				AfterProcessingInitializeOnLoad (4ms)
				EditorAssembliesLoaded (0ms)
			ExecutionOrderSort2 (0ms)
			AwakeInstancesAfterBackupRestoration (5ms)
Platform modules already initialized, skipping
Refreshing native plugins compatible for Editor in 1.24 ms, found 3 plugins.
Preloading 0 native plugins for Editor in 0.00 ms.
Unloading 3404 Unused Serialized files (Serialized files now loaded: 0)
Unloading 18 unused Assets / (150.1 KB). Loaded Objects now: 3971.
Memory consumption went from 123.7 MB to 123.5 MB.
Total: 2.378300 ms (FindLiveObjects: 0.250900 ms CreateObjectMapping: 0.168500 ms MarkObjects: 1.882000 ms  DeleteObjects: 0.076000 ms)

AssetImportParameters requested are different than current active one (requested -> active):
  custom:video-decoder-ogg-theora: a1e56fd34408186e4bbccfd4996cb3dc -> 
  custom:container-muxer-webm: aa71ff27fc2769a1b78a27578f13a17b -> 
  custom:container-demuxer-webm: 4f35f7cbe854078d1ac9338744f61a02 -> 
  custom:video-encoder-webm-vp8: eb34c28f22e8b96e1ab97ce403110664 -> 
  custom:audio-encoder-webm-vorbis: bf7c407c2cedff20999df2af8eb42d56 -> 
  custom:framework-win-MediaFoundation: 216162199b28c13a410421893ffa2e32 -> 
  custom:container-demuxer-ogg: 62fdf1f143b41e24485cea50d1cbac27 -> 
  custom:video-decoder-webm-vp8: 9c59270c3fd7afecdb556c50c9e8de78 -> 
  custom:audio-decoder-ogg-vorbis: bf7c407c2cedff20999df2af8eb42d56 -> 
========================================================================
Received Import Request.
  Time since last request: 198.831771 seconds.
  path: Assets/RPG Adventure/Prefabs/BanditRagdoll.prefab
  artifactKey: Guid(4955dcf3e71ba7e44a641bc4297cf3fb) Importer(815301076,1909f56bfc062723c751e8b465ee728b)
Start importing Assets/RPG Adventure/Prefabs/BanditRagdoll.prefab using Guid(4955dcf3e71ba7e44a641bc4297cf3fb) Importer(815301076,1909f56bfc062723c751e8b465ee728b)  -> (artifact id: '6a152016c4d70adb350bec75a4b3b347') in 0.265647 seconds 
========================================================================
Received Import Request.
  Time since last request: 4.566670 seconds.
  path: Assets/RPG Adventure/Prefabs/BanditRagdoll.prefab
  artifactKey: Guid(4955dcf3e71ba7e44a641bc4297cf3fb) Importer(815301076,1909f56bfc062723c751e8b465ee728b)
Start importing Assets/RPG Adventure/Prefabs/BanditRagdoll.prefab using Guid(4955dcf3e71ba7e44a641bc4297cf3fb) Importer(815301076,1909f56bfc062723c751e8b465ee728b)  -> (artifact id: '515c7cf1de14c40b273baede13e59fcf') in 0.129174 seconds 
